/home/pi/Downloads/my_detection/main_2.py:26: RuntimeWarning: This channel is already in use, continuing anyway.  Use GPIO.setwarnings(False) to disable warnings.
  GPIO.setup (7,GPIO.OUT)
/home/pi/Downloads/my_detection/wiegand.py:12: RuntimeWarning: This channel is already in use, continuing anyway.  Use GPIO.setwarnings(False) to disable warnings.
  GPIO.setup (self.pin_D0,GPIO.OUT)
/home/pi/Downloads/my_detection/wiegand.py:13: RuntimeWarning: This channel is already in use, continuing anyway.  Use GPIO.setwarnings(False) to disable warnings.
  GPIO.setup (self.pin_D1,GPIO.OUT)
 * Serving Flask app "main_2" (lazy loading)
 * Environment: production
   WARNING: This is a development server. Do not use it in a production deployment.
   Use a production WSGI server instead.
 * Debug mode: off
 * Running on http://0.0.0.0:5000/ (Press CTRL+C to quit)
192.168.15.7 - - [12/Mar/2022 10:57:47] "[37mGET / HTTP/1.1[0m" 200 -
192.168.15.7 - - [12/Mar/2022 10:57:48] "[37mGET / HTTP/1.1[0m" 200 -
192.168.15.7 - - [12/Mar/2022 10:57:49] "[37mGET /static/user_0.jpg HTTP/1.1[0m" 200 -
192.168.15.7 - - [12/Mar/2022 10:57:49] "[37mGET /static/user_1.jpg HTTP/1.1[0m" 200 -
192.168.15.7 - - [12/Mar/2022 10:57:49] "[33mGET /favicon.ico HTTP/1.1[0m" 404 -
192.168.15.7 - - [12/Mar/2022 10:57:49] "[37mGET / HTTP/1.1[0m" 200 -
192.168.15.7 - - [12/Mar/2022 10:57:49] "[37mGET /static/user_0.jpg HTTP/1.1[0m" 200 -
192.168.15.7 - - [12/Mar/2022 10:57:49] "[37mGET /static/user_1.jpg HTTP/1.1[0m" 200 -
192.168.15.7 - - [12/Mar/2022 10:57:50] "[37mGET / HTTP/1.1[0m" 200 -
192.168.15.7 - - [12/Mar/2022 10:57:50] "[37mGET /static/user_0.jpg HTTP/1.1[0m" 200 -
192.168.15.7 - - [12/Mar/2022 10:57:50] "[37mGET /static/user_1.jpg HTTP/1.1[0m" 200 -
192.168.15.7 - - [12/Mar/2022 10:57:50] "[37mGET / HTTP/1.1[0m" 200 -
192.168.15.7 - - [12/Mar/2022 10:57:50] "[37mGET /static/user_0.jpg HTTP/1.1[0m" 200 -
192.168.15.7 - - [12/Mar/2022 10:57:50] "[37mGET /static/user_1.jpg HTTP/1.1[0m" 200 -
192.168.15.7 - - [12/Mar/2022 10:57:52] "[33mGET /favicon.ico HTTP/1.1[0m" 404 -
192.168.15.7 - - [12/Mar/2022 10:58:01] "[37mGET / HTTP/1.1[0m" 200 -
192.168.15.7 - - [12/Mar/2022 10:58:01] "[37mGET /static/user_2.jpg HTTP/1.1[0m" 200 -
192.168.15.7 - - [12/Mar/2022 10:58:01] "[37mGET /static/user_0.jpg HTTP/1.1[0m" 200 -
192.168.15.7 - - [12/Mar/2022 10:58:01] "[37mGET /static/user_1.jpg HTTP/1.1[0m" 200 -
192.168.15.7 - - [12/Mar/2022 10:58:02] "[33mGET /favicon.ico HTTP/1.1[0m" 404 -
192.168.15.7 - - [12/Mar/2022 10:58:03] "[37mGET / HTTP/1.1[0m" 200 -
192.168.15.7 - - [12/Mar/2022 10:58:03] "[37mGET /static/user_0.jpg HTTP/1.1[0m" 200 -
192.168.15.7 - - [12/Mar/2022 10:58:03] "[37mGET /static/user_1.jpg HTTP/1.1[0m" 200 -
192.168.15.7 - - [12/Mar/2022 10:58:03] "[37mGET /static/user_2.jpg HTTP/1.1[0m" 200 -
192.168.15.7 - - [12/Mar/2022 10:58:04] "[33mGET /favicon.ico HTTP/1.1[0m" 404 -
192.168.15.7 - - [12/Mar/2022 10:58:14] "[37mGET / HTTP/1.1[0m" 200 -
192.168.15.7 - - [12/Mar/2022 10:58:14] "[37mGET /static/user_0.jpg HTTP/1.1[0m" 200 -
192.168.15.7 - - [12/Mar/2022 10:58:14] "[37mGET /static/user_1.jpg HTTP/1.1[0m" 200 -
192.168.15.7 - - [12/Mar/2022 10:58:14] "[37mGET /static/user_2.jpg HTTP/1.1[0m" 200 -
192.168.15.7 - - [12/Mar/2022 10:58:14] "[33mGET /favicon.ico HTTP/1.1[0m" 404 -
192.168.15.7 - - [12/Mar/2022 10:58:14] "[37mGET / HTTP/1.1[0m" 200 -
192.168.15.7 - - [12/Mar/2022 10:58:15] "[37mGET /static/user_0.jpg HTTP/1.1[0m" 200 -
192.168.15.7 - - [12/Mar/2022 10:58:15] "[37mGET /static/user_1.jpg HTTP/1.1[0m" 200 -
192.168.15.7 - - [12/Mar/2022 10:58:15] "[37mGET /static/user_2.jpg HTTP/1.1[0m" 200 -
192.168.15.7 - - [12/Mar/2022 10:58:16] "[33mGET /favicon.ico HTTP/1.1[0m" 404 -
192.168.15.7 - - [12/Mar/2022 10:58:32] "[37mGET / HTTP/1.1[0m" 200 -
192.168.15.7 - - [12/Mar/2022 10:58:32] "[37mGET /static/user_3.jpg HTTP/1.1[0m" 200 -
192.168.15.7 - - [12/Mar/2022 10:58:32] "[37mGET /static/user_0.jpg HTTP/1.1[0m" 200 -
192.168.15.7 - - [12/Mar/2022 10:58:32] "[37mGET /static/user_2.jpg HTTP/1.1[0m" 200 -
192.168.15.7 - - [12/Mar/2022 10:58:32] "[37mGET /static/user_1.jpg HTTP/1.1[0m" 200 -
192.168.15.7 - - [12/Mar/2022 10:58:35] "[33mGET /favicon.ico HTTP/1.1[0m" 404 -
Connecting URI: 0
size:(640, 480)
eyJ0eXAiOiJKV1QiLCJhbGciOiJIUzI1NiJ9.eyJmcmVzaCI6ZmFsc2UsImlhdCI6MTY0NzA5MzQ1MSwianRpIjoiZWU5M2JjNzctNzIzZC00NmY4LWI1ZWUtZjE1NjFiZDIzNGI0IiwibmJmIjoxNjQ3MDkzNDUxLCJ0eXBlIjoiYWNjZXNzIiwic3ViIjoiZmVybmFuZG8uY2FzdHJvQGFjZXNzLWUuY29tIiwiZXhwIjoxNjQ3MDk0MzUxfQ.34Fgm6ERsLgPqNaKPq1RjoTER1EoU26ZgoPSm_Q6Y7Q
{'success': True, 'message': 'Identify successful', 'data': {'bounding_box': [96.86773681640625, 257.7900390625, 102.8378677368164, 287.0, 0.999799907207489], 'candidates': [{'predicted_label': 'Fernando C. Castro', 'probability': 0.9999997019767761, 'similarity': 0.8764592409133911}]}, 'execution_time': 2.340139389038086}
{'success': True, 'message': 'Probability this is real: 0.9585639834403992', 'data': {'prediction': 'real', 'real': 0.9585639834403992, 'fake': 0.04143601655960083, 'threshold': 0.6}, 'execution_time': 3.1718223094940186}
AUTENTICATED IN 6.194427490234375 SECONDS
eyJ0eXAiOiJKV1QiLCJhbGciOiJIUzI1NiJ9.eyJmcmVzaCI6ZmFsc2UsImlhdCI6MTY0NzA5MzQ1OCwianRpIjoiM2ViYjAxZmQtMTY1ZS00YzgzLWIyZTctYWE2MDA3ZmE4YTY4IiwibmJmIjoxNjQ3MDkzNDU4LCJ0eXBlIjoiYWNjZXNzIiwic3ViIjoiZmVybmFuZG8uY2FzdHJvQGFjZXNzLWUuY29tIiwiZXhwIjoxNjQ3MDk0MzU4fQ.KmYeLjzYO7jgwdttZ6CrAKaDX39EoTYi5-Z051TQeIA
{'success': True, 'message': 'Identify successful', 'data': {'bounding_box': [72.41841125488281, 288.6166687011719, 0.0, 266.4390869140625, 0.9998006224632263], 'candidates': [{'predicted_label': 'Fernando C. Castro', 'probability': 0.9999991655349731, 'similarity': 0.8392861485481262}]}, 'execution_time': 0.09522247314453125}
{'success': True, 'message': 'Probability this is real: 0.7274278998374939', 'data': {'prediction': 'real', 'real': 0.7274278998374939, 'fake': 0.2725721001625061, 'threshold': 0.6}, 'execution_time': 4.382710218429565}
AUTENTICATED IN 4.8327600955963135 SECONDS
eyJ0eXAiOiJKV1QiLCJhbGciOiJIUzI1NiJ9.eyJmcmVzaCI6ZmFsc2UsImlhdCI6MTY0NzA5MzQ2MywianRpIjoiNzgwMDhjOGItOWU1Mi00MzNmLTlmYWQtMzhmOGE4NWYzYzVjIiwibmJmIjoxNjQ3MDkzNDYzLCJ0eXBlIjoiYWNjZXNzIiwic3ViIjoiZmVybmFuZG8uY2FzdHJvQGFjZXNzLWUuY29tIiwiZXhwIjoxNjQ3MDk0MzYzfQ.I5cXcaxOlvjoQ7Ah5nXoZFXxJvRAL6iokvdbLcUSJ9I
{'success': True, 'message': 'Identify successful', 'data': {'bounding_box': [76.10240936279297, 291.1947326660156, 0.0, 269.3994445800781, 0.9998205304145813], 'candidates': [{'predicted_label': 'Fernando C. Castro', 'probability': 0.9999992251396179, 'similarity': 0.841132640838623}]}, 'execution_time': 2.4046480655670166}
<class 'events.Events'>: {'file_name': 'user_0.jpg', 'name': 'Fernando C. Castro', 'event_date': '12/03/2022 10:57:37', 'execution_time': 6.194427490234375}
<class 'events.Events'>: {'file_name': 'user_0.jpg', 'name': 'Fernando C. Castro', 'event_date': '12/03/2022 10:57:37', 'execution_time': 6.194427490234375}
<class 'events.Events'>: {'file_name': 'user_0.jpg', 'name': 'Fernando C. Castro', 'event_date': '12/03/2022 10:57:37', 'execution_time': 6.194427490234375}
<class 'events.Events'>: {'file_name': 'user_0.jpg', 'name': 'Fernando C. Castro', 'event_date': '12/03/2022 10:57:37', 'execution_time': 6.194427490234375}
<class 'events.Events'>: {'file_name': 'user_0.jpg', 'name': 'Fernando C. Castro', 'event_date': '12/03/2022 10:57:37', 'execution_time': 6.194427490234375}
{'success': True, 'message': 'Probability this is real: 0.9197067022323608', 'data': {'prediction': 'real', 'real': 0.9197067022323608, 'fake': 0.08029329776763916, 'threshold': 0.6}, 'execution_time': 5.878337383270264}
AUTENTICATED IN 8.738877296447754 SECONDS
eyJ0eXAiOiJKV1QiLCJhbGciOiJIUzI1NiJ9.eyJmcmVzaCI6ZmFsc2UsImlhdCI6MTY0NzA5MzQ3MywianRpIjoiNGQ4NjgxNDYtOWY2Ni00ZWQ0LTkyYjYtYzQyOGYzZjA0MTY4IiwibmJmIjoxNjQ3MDkzNDczLCJ0eXBlIjoiYWNjZXNzIiwic3ViIjoiZmVybmFuZG8uY2FzdHJvQGFjZXNzLWUuY29tIiwiZXhwIjoxNjQ3MDk0MzczfQ.HJeB5ZP-u2lvAfnAYi3K64RWwlMaSZyQM2nYNliYQkA
{'success': True, 'message': 'Identify successful', 'data': {'bounding_box': [80.37496948242188, 294.8914489746094, 0.0, 271.0445251464844, 0.9998039603233337], 'candidates': [{'predicted_label': 'Fernando C. Castro', 'probability': 0.999999463558197, 'similarity': 0.8563621044158936}]}, 'execution_time': 1.837876319885254}
<class 'events.Events'>: {'file_name': 'user_0.jpg', 'name': 'Fernando C. Castro', 'event_date': '12/03/2022 10:57:37', 'execution_time': 6.194427490234375}
<class 'events.Events'>: {'file_name': 'user_0.jpg', 'name': 'Fernando C. Castro', 'event_date': '12/03/2022 10:57:37', 'execution_time': 6.194427490234375}
{'success': True, 'message': 'Probability this is real: 0.351601243019104', 'data': {'prediction': 'fake', 'real': 0.351601243019104, 'fake': 0.648398756980896, 'threshold': 0.6}, 'execution_time': 13.177205801010132}
eyJ0eXAiOiJKV1QiLCJhbGciOiJIUzI1NiJ9.eyJmcmVzaCI6ZmFsc2UsImlhdCI6MTY0NzA5MzQ4OSwianRpIjoiNjM4MWVlNmEtN2Q0MS00MzNiLWFkMDYtMDhmYWNiYWM2MjMxIiwibmJmIjoxNjQ3MDkzNDg5LCJ0eXBlIjoiYWNjZXNzIiwic3ViIjoiZmVybmFuZG8uY2FzdHJvQGFjZXNzLWUuY29tIiwiZXhwIjoxNjQ3MDk0Mzg5fQ.lEtdg3gveiVv_2UoCAFWKfZrPfPBPuOK6tm47H0iYKY
{'success': True, 'message': 'Identify successful', 'data': {'bounding_box': [70.42726135253906, 296.7626953125, 7.612028121948242, 287.0, 0.99973064661026], 'candidates': [{'predicted_label': 'Fernando C. Castro', 'probability': 0.9999996423721313, 'similarity': 0.8693509101867676}]}, 'execution_time': 1.4566495418548584}
<class 'events.Events'>: {'file_name': 'user_0.jpg', 'name': 'Fernando C. Castro', 'event_date': '12/03/2022 10:57:37', 'execution_time': 6.194427490234375}
<class 'events.Events'>: {'file_name': 'user_0.jpg', 'name': 'Fernando C. Castro', 'event_date': '12/03/2022 10:57:37', 'execution_time': 6.194427490234375}
{'success': True, 'message': 'Probability this is real: 0.9679802656173706', 'data': {'prediction': 'real', 'real': 0.9679802656173706, 'fake': 0.032019734382629395, 'threshold': 0.6}, 'execution_time': 14.934886932373047}
AUTENTICATED IN 17.62618923187256 SECONDS
eyJ0eXAiOiJKV1QiLCJhbGciOiJIUzI1NiJ9.eyJmcmVzaCI6ZmFsc2UsImlhdCI6MTY0NzA5MzUwNywianRpIjoiNmQ1ZDVlMTMtNDI4NS00M2FlLTg1NzctNWRiMGUzNDUwZGMwIiwibmJmIjoxNjQ3MDkzNTA3LCJ0eXBlIjoiYWNjZXNzIiwic3ViIjoiZmVybmFuZG8uY2FzdHJvQGFjZXNzLWUuY29tIiwiZXhwIjoxNjQ3MDk0NDA3fQ.-Zp00bmtjE13D4nRQ4sIgs4y5zXia__dZ8xpD7LQNgg
{'success': True, 'message': 'Identify successful', 'data': {'bounding_box': [63.70868682861328, 295.66485595703125, 0.17669677734375, 287.0, 0.9997671246528625], 'candidates': [{'predicted_label': 'Fernando C. Castro', 'probability': 0.9999995231628418, 'similarity': 0.8626289367675781}]}, 'execution_time': 1.7530794143676758}
<class 'events.Events'>: {'file_name': 'user_0.jpg', 'name': 'Fernando C. Castro', 'event_date': '12/03/2022 10:57:37', 'execution_time': 6.194427490234375}
{'success': True, 'message': 'Probability this is real: 0.9401831030845642', 'data': {'prediction': 'real', 'real': 0.9401831030845642, 'fake': 0.05981689691543579, 'threshold': 0.6}, 'execution_time': 14.519668579101562}
AUTENTICATED IN 17.476531505584717 SECONDS
eyJ0eXAiOiJKV1QiLCJhbGciOiJIUzI1NiJ9.eyJmcmVzaCI6ZmFsc2UsImlhdCI6MTY0NzA5MzUyNSwianRpIjoiMTQwZTliNzgtNWYxOC00YWRiLWJjYzYtMzhlM2IxODk1ZDIzIiwibmJmIjoxNjQ3MDkzNTI1LCJ0eXBlIjoiYWNjZXNzIiwic3ViIjoiZmVybmFuZG8uY2FzdHJvQGFjZXNzLWUuY29tIiwiZXhwIjoxNjQ3MDk0NDI1fQ.fctgXlAAzQxIMqThawSzYA4xguuH4j5aKeHFCuaM3NQ
{'success': True, 'message': 'Identify successful', 'data': {'bounding_box': [59.84415054321289, 295.3541259765625, 0.0, 287.0, 0.9997684359550476], 'candidates': [{'predicted_label': 'Fernando C. Castro', 'probability': 0.9999994039535522, 'similarity': 0.8537891507148743}]}, 'execution_time': 1.9588158130645752}
{'success': True, 'message': 'Probability this is real: 0.9485336542129517', 'data': {'prediction': 'real', 'real': 0.9485336542129517, 'fake': 0.05146634578704834, 'threshold': 0.6}, 'execution_time': 12.509104013442993}
AUTENTICATED IN 15.705628871917725 SECONDS
eyJ0eXAiOiJKV1QiLCJhbGciOiJIUzI1NiJ9.eyJmcmVzaCI6ZmFsc2UsImlhdCI6MTY0NzA5MzU0MSwianRpIjoiYzdiZjJhZWMtYmRlNC00M2UyLTgzNWUtYjlmNDk1Njg1MjgzIiwibmJmIjoxNjQ3MDkzNTQxLCJ0eXBlIjoiYWNjZXNzIiwic3ViIjoiZmVybmFuZG8uY2FzdHJvQGFjZXNzLWUuY29tIiwiZXhwIjoxNjQ3MDk0NDQxfQ.mrr3itb873IDSnM5U8Kf-XhVxvDE2dX1m8RDO8Nn7Ak
{'success': True, 'message': 'Identify successful', 'data': {'bounding_box': [72.69387817382812, 289.5522766113281, 0.0, 287.0, 0.999921441078186], 'candidates': [{'predicted_label': 'Fernando C. Castro', 'probability': 0.9999997615814209, 'similarity': 0.8896787762641907}]}, 'execution_time': 4.096195220947266}192.168.15.7 - - [12/Mar/2022 10:59:11] "[37mGET / HTTP/1.1[0m" 200 -
192.168.15.7 - - [12/Mar/2022 10:59:12] "[37mGET /static/user_4.jpg HTTP/1.1[0m" 200 -
192.168.15.7 - - [12/Mar/2022 10:59:12] "[37mGET /static/user_5.jpg HTTP/1.1[0m" 200 -
192.168.15.7 - - [12/Mar/2022 10:59:12] "[37mGET /static/user_0.jpg HTTP/1.1[0m" 200 -
192.168.15.7 - - [12/Mar/2022 10:59:12] "[37mGET /static/user_1.jpg HTTP/1.1[0m" 200 -
192.168.15.7 - - [12/Mar/2022 10:59:12] "[37mGET /static/user_2.jpg HTTP/1.1[0m" 200 -
192.168.15.7 - - [12/Mar/2022 10:59:12] "[37mGET /static/user_3.jpg HTTP/1.1[0m" 200 -
192.168.15.7 - - [12/Mar/2022 10:59:12] "[33mGET /favicon.ico HTTP/1.1[0m" 404 -
192.168.15.9 - - [12/Mar/2022 11:09:58] "[37mGET / HTTP/1.1[0m" 200 -
192.168.15.9 - - [12/Mar/2022 11:09:58] "[37mGET /static/user_1.jpg HTTP/1.1[0m" 200 -
192.168.15.9 - - [12/Mar/2022 11:09:58] "[37mGET /static/user_0.jpg HTTP/1.1[0m" 200 -
192.168.15.9 - - [12/Mar/2022 11:09:58] "[37mGET /static/user_4.jpg HTTP/1.1[0m" 200 -
192.168.15.9 - - [12/Mar/2022 11:09:58] "[37mGET /static/user_5.jpg HTTP/1.1[0m" 200 -
192.168.15.9 - - [12/Mar/2022 11:09:58] "[37mGET /static/user_2.jpg HTTP/1.1[0m" 200 -
192.168.15.9 - - [12/Mar/2022 11:09:58] "[37mGET /static/user_3.jpg HTTP/1.1[0m" 200 -
192.168.15.9 - - [12/Mar/2022 11:09:58] "[37mGET /static/user_6.jpg HTTP/1.1[0m" 200 -
192.168.15.9 - - [12/Mar/2022 11:09:58] "[37mGET /static/user_7.jpg HTTP/1.1[0m" 200 -
192.168.15.9 - - [12/Mar/2022 11:09:58] "[37mGET /static/user_8.jpg HTTP/1.1[0m" 200 -
192.168.15.9 - - [12/Mar/2022 11:09:58] "[37mGET /static/user_9.jpg HTTP/1.1[0m" 200 -
192.168.15.9 - - [12/Mar/2022 11:09:58] "[33mGET /favicon.ico HTTP/1.1[0m" 404 -
192.168.15.9 - - [12/Mar/2022 11:10:13] "[37mGET / HTTP/1.1[0m" 200 -
192.168.15.9 - - [12/Mar/2022 11:10:14] "[37mGET / HTTP/1.1[0m" 200 -
192.168.15.9 - - [12/Mar/2022 11:10:16] "[37mGET / HTTP/1.1[0m" 200 -
192.168.15.9 - - [12/Mar/2022 11:10:17] "[37mGET / HTTP/1.1[0m" 200 -
192.168.15.9 - - [12/Mar/2022 11:11:06] "[37mGET / HTTP/1.1[0m" 200 -
192.168.15.9 - - [12/Mar/2022 11:11:08] "[37mGET / HTTP/1.1[0m" 200 -
192.168.15.9 - - [12/Mar/2022 11:11:28] "[37mGET / HTTP/1.1[0m" 200 -
192.168.15.9 - - [12/Mar/2022 11:11:29] "[37mGET / HTTP/1.1[0m" 200 -
Traceback (most recent call last):
  File "/usr/lib/python3/dist-packages/urllib3/connectionpool.py", line 445, in _make_request
    six.raise_from(e, None)
  File "<string>", line 3, in raise_from
  File "/usr/lib/python3/dist-packages/urllib3/connectionpool.py", line 440, in _make_request
    httplib_response = conn.getresponse()
  File "/usr/lib/python3.9/http/client.py", line 1347, in getresponse
    response.begin()
  File "/usr/lib/python3.9/http/client.py", line 307, in begin
    version, status, reason = self._read_status()
  File "/usr/lib/python3.9/http/client.py", line 268, in _read_status
    line = str(self.fp.readline(_MAXLINE + 1), "iso-8859-1")
  File "/usr/lib/python3.9/socket.py", line 704, in readinto
    return self._sock.recv_into(b)
TimeoutError: [Errno 110] Connection timed out

During handling of the above exception, another exception occurred:

Traceback (most recent call last):
  File "/usr/lib/python3/dist-packages/requests/adapters.py", line 439, in send
    resp = conn.urlopen(
  File "/usr/lib/python3/dist-packages/urllib3/connectionpool.py", line 755, in urlopen
    retries = retries.increment(
  File "/usr/lib/python3/dist-packages/urllib3/util/retry.py", line 532, in increment
    raise six.reraise(type(error), error, _stacktrace)
  File "/usr/lib/python3/dist-packages/six.py", line 719, in reraise
    raise value
  File "/usr/lib/python3/dist-packages/urllib3/connectionpool.py", line 699, in urlopen
    httplib_response = self._make_request(
  File "/usr/lib/python3/dist-packages/urllib3/connectionpool.py", line 447, in _make_request
    self._raise_timeout(err=e, url=url, timeout_value=read_timeout)
  File "/usr/lib/python3/dist-packages/urllib3/connectionpool.py", line 353, in _raise_timeout
    raise ReadTimeoutError(
urllib3.exceptions.ReadTimeoutError: HTTPConnectionPool(host='192.168.15.7', port=8080): Read timed out. (read timeout=None)

During handling of the above exception, another exception occurred:

Traceback (most recent call last):
  File "/home/pi/Downloads/my_detection/vision_box_api.py", line 24, in login
    r = requests.post(url = uri,json = login)
  File "/usr/lib/python3/dist-packages/requests/api.py", line 119, in post
    return request('post', url, data=data, json=json, **kwargs)
  File "/usr/lib/python3/dist-packages/requests/api.py", line 61, in request
    return session.request(method=method, url=url, **kwargs)
  File "/usr/lib/python3/dist-packages/requests/sessions.py", line 542, in request
    resp = self.send(prep, **send_kwargs)
  File "/usr/lib/python3/dist-packages/requests/sessions.py", line 655, in send
    r = adapter.send(request, **kwargs)
  File "/usr/lib/python3/dist-packages/requests/adapters.py", line 529, in send
    raise ReadTimeout(e, request=request)
requests.exceptions.ReadTimeout: HTTPConnectionPool(host='192.168.15.7', port=8080): Read timed out. (read timeout=None)
Traceback (most recent call last):
  File "/usr/lib/python3/dist-packages/urllib3/connection.py", line 169, in _new_conn
    conn = connection.create_connection(
  File "/usr/lib/python3/dist-packages/urllib3/util/connection.py", line 96, in create_connection
    raise err
  File "/usr/lib/python3/dist-packages/urllib3/util/connection.py", line 86, in create_connection
    sock.connect(sa)
TimeoutError: [Errno 110] Connection timed out

During handling of the above exception, another exception occurred:

Traceback (most recent call last):
  File "/usr/lib/python3/dist-packages/urllib3/connectionpool.py", line 699, in urlopen
    httplib_response = self._make_request(
  File "/usr/lib/python3/dist-packages/urllib3/connectionpool.py", line 394, in _make_request
    conn.request(method, url, **httplib_request_kw)
  File "/usr/lib/python3/dist-packages/urllib3/connection.py", line 234, in request
    super(HTTPConnection, self).request(method, url, body=body, headers=headers)
  File "/usr/lib/python3.9/http/client.py", line 1255, in request
    self._send_request(method, url, body, headers, encode_chunked)
  File "/usr/lib/python3.9/http/client.py", line 1301, in _send_request
    self.endheaders(body, encode_chunked=encode_chunked)
  File "/usr/lib/python3.9/http/client.py", line 1250, in endheaders
    self._send_output(message_body, encode_chunked=encode_chunked)
  File "/usr/lib/python3.9/http/client.py", line 1010, in _send_output
    self.send(msg)
  File "/usr/lib/python3.9/http/client.py", line 950, in send
    self.connect()
  File "/usr/lib/python3/dist-packages/urllib3/connection.py", line 200, in connect
    conn = self._new_conn()
  File "/usr/lib/python3/dist-packages/urllib3/connection.py", line 181, in _new_conn
    raise NewConnectionError(
urllib3.exceptions.NewConnectionError: <urllib3.connection.HTTPConnection object at 0x69c81f28>: Failed to establish a new connection: [Errno 110] Connection timed out

During handling of the above exception, another exception occurred:

Traceback (most recent call last):
  File "/usr/lib/python3/dist-packages/requests/adapters.py", line 439, in send
    resp = conn.urlopen(
  File "/usr/lib/python3/dist-packages/urllib3/connectionpool.py", line 755, in urlopen
    retries = retries.increment(
  File "/usr/lib/python3/dist-packages/urllib3/util/retry.py", line 574, in increment
    raise MaxRetryError(_pool, url, error or ResponseError(cause))
urllib3.exceptions.MaxRetryError: HTTPConnectionPool(host='192.168.15.7', port=8080): Max retries exceeded with url: /v1/identify (Caused by NewConnectionError('<urllib3.connection.HTTPConnection object at 0x69c81f28>: Failed to establish a new connection: [Errno 110] Connection timed out'))

During handling of the above exception, another exception occurred:

Traceback (most recent call last):
  File "/home/pi/Downloads/my_detection/vision_box_api.py", line 47, in identify_person
    response = requests.post(uri, headers=headers, data=payload, files=files)
  File "/usr/lib/python3/dist-packages/requests/api.py", line 119, in post
    return request('post', url, data=data, json=json, **kwargs)
  File "/usr/lib/python3/dist-packages/requests/api.py", line 61, in request
    return session.request(method=method, url=url, **kwargs)
  File "/usr/lib/python3/dist-packages/requests/sessions.py", line 542, in request
    resp = self.send(prep, **send_kwargs)
  File "/usr/lib/python3/dist-packages/requests/sessions.py", line 655, in send
    r = adapter.send(request, **kwargs)
  File "/usr/lib/python3/dist-packages/requests/adapters.py", line 516, in send
    raise ConnectionError(e, request=request)
requests.exceptions.ConnectionError: HTTPConnectionPool(host='192.168.15.7', port=8080): Max retries exceeded with url: /v1/identify (Caused by NewConnectionError('<urllib3.connection.HTTPConnection object at 0x69c81f28>: Failed to establish a new connection: [Errno 110] Connection timed out'))

<class 'events.Events'>: {'file_name': 'user_0.jpg', 'name': 'Fernando C. Castro', 'event_date': '12/03/2022 10:57:37', 'execution_time': 6.194427490234375}
{'success': True, 'message': 'Probability this is real: 0.9955537915229797', 'data': {'prediction': 'real', 'real': 0.9955537915229797, 'fake': 0.004446208477020264, 'threshold': 0.6}, 'execution_time': 16.127231121063232}
AUTENTICATED IN 21.374178647994995 SECONDS
Type :  QRCODE
Data :  b'1234' 

Type :  QRCODE
Data :  b'1234' 

eyJ0eXAiOiJKV1QiLCJhbGciOiJIUzI1NiJ9.eyJmcmVzaCI6ZmFsc2UsImlhdCI6MTY0NzA5MzYxNCwianRpIjoiMjYxN2U4MzAtYmE0MC00YjkzLWI5ZmItYzM3NWQwYzhjNTE5IiwibmJmIjoxNjQ3MDkzNjE0LCJ0eXBlIjoiYWNjZXNzIiwic3ViIjoiZmVybmFuZG8uY2FzdHJvQGFjZXNzLWUuY29tIiwiZXhwIjoxNjQ3MDk0NTE0fQ.vDqa3DURc1JrF_JEEvMJFWxtfeSwzq04s5H3hkyB2c4
{'success': True, 'message': 'Identify successful', 'data': {'bounding_box': [80.0224380493164, 300.731689453125, 12.735319137573242, 287.0, 0.9998131394386292], 'candidates': [{'predicted_label': 'Fernando C. Castro', 'probability': 0.9999992847442627, 'similarity': 0.8445035219192505}]}, 'execution_time': 0.5375685691833496}
{'success': True, 'message': 'Probability this is real: 0.9993730187416077', 'data': {'prediction': 'real', 'real': 0.9993730187416077, 'fake': 0.000626981258392334, 'threshold': 0.6}, 'execution_time': 3.407869577407837}
AUTENTICATED IN 4.297211408615112 SECONDS
eyJ0eXAiOiJKV1QiLCJhbGciOiJIUzI1NiJ9.eyJmcmVzaCI6ZmFsc2UsImlhdCI6MTY0NzA5NDA5MiwianRpIjoiY2YxYjdkN2QtMDI0Zi00MWM1LWJkODItY2MzYjdkZTg3ZGE0IiwibmJmIjoxNjQ3MDk0MDkyLCJ0eXBlIjoiYWNjZXNzIiwic3ViIjoiZmVybmFuZG8uY2FzdHJvQGFjZXNzLWUuY29tIiwiZXhwIjoxNjQ3MDk0OTkyfQ.oNmllg2wP2d_V0WzwGGHMep1dxVYuetbkEh2Giu597g
{'success': True, 'message': 'Identify successful', 'data': {'bounding_box': [155.64999389648438, 308.59173583984375, 0.0, 177.39700317382812, 0.9997928738594055], 'candidates': [{'predicted_label': 'Fernando C. Castro', 'probability': 0.9999932646751404, 'similarity': 0.759411633014679}]}, 'execution_time': 1.5666422843933105}
{'success': True, 'message': 'Probability this is real: 0.9999316930770874', 'data': {'prediction': 'real', 'real': 0.9999316930770874, 'fake': 6.830692291259766e-05, 'threshold': 0.6}, 'execution_time': 2.425095319747925}
AUTENTICATED IN 4.3232433795928955 SECONDS
eyJ0eXAiOiJKV1QiLCJhbGciOiJIUzI1NiJ9.eyJmcmVzaCI6ZmFsc2UsImlhdCI6MTY0NzA5NDEwMCwianRpIjoiNGYxMDAzYTEtZDdjYS00ZjI4LTk4ZDItZDUzNzdlNjBjOWY4IiwibmJmIjoxNjQ3MDk0MTAwLCJ0eXBlIjoiYWNjZXNzIiwic3ViIjoiZmVybmFuZG8uY2FzdHJvQGFjZXNzLWUuY29tIiwiZXhwIjoxNjQ3MDk1MDAwfQ.TSIN39hpHQkQCMzYcmREFIGfXsC1mlbx_GxH1zwOb-s
{'success': True, 'message': 'Identify successful', 'data': {'bounding_box': [118.52552795410156, 272.72052001953125, 17.374916076660156, 207.98764038085938, 0.9988534450531006], 'candidates': [{'predicted_label': 'Fernando C. Castro', 'probability': 0.9995697140693665, 'similarity': 0.6002010107040405}]}, 'execution_time': 0.10396122932434082}
{'success': True, 'message': 'Probability this is real: 0.9999220371246338', 'data': {'prediction': 'real', 'real': 0.9999220371246338, 'fake': 7.796287536621094e-05, 'threshold': 0.6}, 'execution_time': 3.3218207359313965}
AUTENTICATED IN 3.7550628185272217 SECONDS
eyJ0eXAiOiJKV1QiLCJhbGciOiJIUzI1NiJ9.eyJmcmVzaCI6ZmFsc2UsImlhdCI6MTY0NzA5NDEwNSwianRpIjoiZjg4YzM1NjEtMzcxOS00NzAxLTkxYmUtNDc3MDEyM2FiZDVkIiwibmJmIjoxNjQ3MDk0MTA1LCJ0eXBlIjoiYWNjZXNzIiwic3ViIjoiZmVybmFuZG8uY2FzdHJvQGFjZXNzLWUuY29tIiwiZXhwIjoxNjQ3MDk1MDA1fQ.fhNzO_5WTtp6Jl0zcWgIRxg_fEJykc7zUXfdQI3d-LU
{'success': True, 'message': 'Identify successful', 'data': {'bounding_box': [130.12899780273438, 270.9033508300781, 13.047304153442383, 191.86329650878906, 0.9992554783821106], 'candidates': [{'predicted_label': 'Fernando C. Castro', 'probability': 0.9999651312828064, 'similarity': 0.696498692035675}]}, 'execution_time': 0.0979464054107666}
{'success': True, 'message': 'Probability this is real: 0.9987055063247681', 'data': {'prediction': 'real', 'real': 0.9987055063247681, 'fake': 0.0012944936752319336, 'threshold': 0.6}, 'execution_time': 2.3445990085601807}
AUTENTICATED IN 2.7780258655548096 SECONDS
<class 'events.Events'>: {'file_name': 'user_0.jpg', 'name': 'Fernando C. Castro', 'event_date': '12/03/2022 11:08:17', 'execution_time': 4.3232433795928955}
<class 'events.Events'>: {'file_name': 'user_0.jpg', 'name': 'Fernando C. Castro', 'event_date': '12/03/2022 11:08:17', 'execution_time': 4.3232433795928955}
<class 'events.Events'>: {'file_name': 'user_0.jpg', 'name': 'Fernando C. Castro', 'event_date': '12/03/2022 11:08:17', 'execution_time': 4.3232433795928955}
<class 'events.Events'>: {'file_name': 'user_0.jpg', 'name': 'Fernando C. Castro', 'event_date': '12/03/2022 11:08:17', 'execution_time': 4.3232433795928955}
<class 'events.Events'>: {'file_name': 'user_0.jpg', 'name': 'Fernando C. Castro', 'event_date': '12/03/2022 11:08:17', 'execution_time': 4.3232433795928955}
<class 'events.Events'>: {'file_name': 'user_0.jpg', 'name': 'Fernando C. Castro', 'event_date': '12/03/2022 11:08:17', 'execution_time': 4.3232433795928955}
<class 'events.Events'>: {'file_name': 'user_0.jpg', 'name': 'Fernando C. Castro', 'event_date': '12/03/2022 11:08:17', 'execution_time': 4.3232433795928955}
<class 'events.Events'>: {'file_name': 'user_0.jpg', 'name': 'Fernando C. Castro', 'event_date': '12/03/2022 11:08:17', 'execution_time': 4.3232433795928955}
<class 'events.Events'>: {'file_name': 'user_0.jpg', 'name': 'Fernando C. Castro', 'event_date': '12/03/2022 11:08:17', 'execution_time': 4.3232433795928955}
ERRO_LOGIN:
ERRO_IDENTIFY_PERSON:
eyJ0eXAiOiJKV1QiLCJhbGciOiJIUzI1NiJ9.eyJmcmVzaCI6ZmFsc2UsImlhdCI6MTY0NzEwNjY0OCwianRpIjoiMzcyMmM5OWItYjc0ZS00ZTNmLWI4OWEtNWE2MjlkY2RkOTg0IiwibmJmIjoxNjQ3MTA2NjQ4LCJ0eXBlIjoiYWNjZXNzIiwic3ViIjoiZmVybmFuZG8uY2FzdHJvQGFjZXNzLWUuY29tIiwiZXhwIjoxNjQ3MTA3NTQ4fQ.zxAiIRyCzbxSI6Nx9ZF4b9BX_SYmD3_OQhUmlZ0BoYA
{'success': True, 'message': 'Identify successful', 'data': {'bounding_box': [125.5429458618164, 264.1070861816406, 124.4429702758789, 287.0, 0.9996834993362427], 'candidates': [{'predicted_label': 'Fernando C. Castro', 'probability': 0.9999993443489075, 'similarity': 0.8502542972564697}]}, 'execution_time': 0.09504866600036621}
{'success': True, 'message': 'Probability this is real: 0.6704432964324951', 'data': {'prediction': 'real', 'real': 0.6704432964324951, 'fake': 0.3295567035675049, 'threshold': 0.6}, 'execution_time': 2.217585563659668}
AUTENTICATED IN 3.13161039352417 SECONDS
eyJ0eXAiOiJKV1QiLCJhbGciOiJIUzI1NiJ9.eyJmcmVzaCI6ZmFsc2UsImlhdCI6MTY0NzEwNjY2NiwianRpIjoiMDFkMWFjNWUtNWZlNy00ZWJlLWFjMGMtMTg4ODRlZTQ3YmQ0IiwibmJmIjoxNjQ3MTA2NjY2LCJ0eXBlIjoiYWNjZXNzIiwic3ViIjoiZmVybmFuZG8uY2FzdHJvQGFjZXNzLWUuY29tIiwiZXhwIjoxNjQ3MTA3NTY2fQ.LwZJx0p-hJG4RjFAy0BcLoyKV-f7YTN4aNJKGydS4a4
{'success': True, 'message': 'Identify successful', 'data': {'bounding_box': [144.45777893066406, 281.02972412109375, 107.944580078125, 287.0, 0.9998527765274048], 'candidates': [{'predicted_label': 'Fernando C. Castro', 'probability': 0.9999997019767761, 'similarity': 0.8825437426567078}]}, 'execution_time': 0.5794336795806885}
{'success': True, 'message': 'Probability this is real: 0.9683321118354797', 'data': {'prediction': 'real', 'real': 0.9683321118354797, 'fake': 0.031667888164520264, 'threshold': 0.6}, 'execution_time': 2.302232027053833}
AUTENTICATED IN 12.693077564239502 SECONDS
eyJ0eXAiOiJKV1QiLCJhbGciOiJIUzI1NiJ9.eyJmcmVzaCI6ZmFsc2UsImlhdCI6MTY0NzEwNjY3NSwianRpIjoiY2YzYTA4NjctZWE2Ni00ZTgzLWI4MzQtNjc4ZDEwZWNhMThkIiwibmJmIjoxNjQ3MTA2Njc1LCJ0eXBlIjoiYWNjZXNzIiwic3ViIjoiZmVybmFuZG8uY2FzdHJvQGFjZXNzLWUuY29tIiwiZXhwIjoxNjQ3MTA3NTc1fQ.gwY_Qsrv__4SRP97n2LnlsQQcIvxCfDP8TBb8_7AJcE
{'success': True, 'message': 'Identify successful', 'data': {'bounding_box': [94.32735443115234, 249.08871459960938, 90.74425506591797, 287.0, 0.9998677968978882], 'candidates': [{'predicted_label': 'Fernando C. Castro', 'probability': 0.9999997019767761, 'similarity': 0.8821225166320801}]}, 'execution_time': 0.09933710098266602}
{'success': True, 'message': 'Probability this is real: 0.9999231100082397', 'data': {'prediction': 'real', 'real': 0.9999231100082397, 'fake': 7.68899917602539e-05, 'threshold': 0.6}, 'execution_time': 2.028444528579712}192.168.15.7 - - [12/Mar/2022 14:38:17] "[37mGET / HTTP/1.1[0m" 200 -
192.168.15.7 - - [12/Mar/2022 14:38:17] "[37mGET /static/user_6.jpg HTTP/1.1[0m" 200 -
192.168.15.7 - - [12/Mar/2022 14:38:17] "[37mGET /static/user_7.jpg HTTP/1.1[0m" 200 -
192.168.15.7 - - [12/Mar/2022 14:38:17] "[37mGET /static/user_8.jpg HTTP/1.1[0m" 200 -
192.168.15.7 - - [12/Mar/2022 14:38:17] "[37mGET /static/user_9.jpg HTTP/1.1[0m" 200 -
192.168.15.7 - - [12/Mar/2022 14:38:17] "[37mGET /static/user_0.jpg HTTP/1.1[0m" 200 -
192.168.15.7 - - [12/Mar/2022 14:38:18] "[37mGET /static/user_5.jpg HTTP/1.1[0m" 200 -
192.168.15.7 - - [12/Mar/2022 14:38:18] "[37mGET /static/user_3.jpg HTTP/1.1[0m" 200 -
192.168.15.7 - - [12/Mar/2022 14:38:18] "[37mGET /static/user_2.jpg HTTP/1.1[0m" 200 -
192.168.15.7 - - [12/Mar/2022 14:38:18] "[37mGET /static/user_1.jpg HTTP/1.1[0m" 200 -
192.168.15.7 - - [12/Mar/2022 14:38:18] "[37mGET /static/user_4.jpg HTTP/1.1[0m" 200 -
192.168.15.7 - - [12/Mar/2022 14:38:20] "[33mGET /favicon.ico HTTP/1.1[0m" 404 -
